<?xml version="1.0" encoding="UTF-8"?>
<!-- Generated by org.testng.reporters.JUnitReportReporter -->
<testsuite hostname="RSPLLT296" failures="0" tests="10" name="com.endToEndTesting.loginToEndTesting" time="52.038" errors="0" timestamp="2025-05-13T11:16:19 IST" skipped="0">
  <testcase classname="com.endToEndTesting.loginToEndTesting" name="searchProduct" time="4.206"/>
  <testcase classname="com.endToEndTesting.loginToEndTesting" name="searchProduct" time="5.104"/>
  <testcase classname="com.endToEndTesting.loginToEndTesting" name="searchProduct" time="6.002"/>
  <testcase classname="com.endToEndTesting.loginToEndTesting" name="searchProduct" time="4.342"/>
  <testcase classname="com.endToEndTesting.loginToEndTesting" name="selectProduct" time="6.723"/>
  <testcase classname="com.endToEndTesting.loginToEndTesting" name="validate" time="0.238"/>
  <testcase classname="com.endToEndTesting.loginToEndTesting" name="selectSamsungMobile" time="1.989"/>
  <testcase classname="com.endToEndTesting.loginToEndTesting" name="selectXiaomiMobile" time="12.923"/>
  <testcase classname="com.endToEndTesting.loginToEndTesting" name="addToCartXiaomi" time="4.431"/>
  <testcase classname="com.endToEndTesting.loginToEndTesting" name="ShoppingCart" time="6.080"/>
</testsuite> <!-- com.endToEndTesting.loginToEndTesting -->
